{"/Users/michael/Desktop/food-ai/app/services/analytics.ts": {"path":"/Users/michael/Desktop/food-ai/app/services/analytics.ts","statementMap":{"0":{"start":{"line":4,"column":27},"end":{"line":4,"column":31}},"1":{"start":{"line":6,"column":12},"end":{"line":6,"column":47}},"2":{"start":{"line":7,"column":13},"end":{"line":7,"column":79}},"3":{"start":{"line":11,"column":4},"end":{"line":14,"column":5}},"4":{"start":{"line":12,"column":8},"end":{"line":12,"column":83}},"5":{"start":{"line":13,"column":8},"end":{"line":13,"column":15}},"6":{"start":{"line":15,"column":4},"end":{"line":28,"column":5}},"7":{"start":{"line":18,"column":28},"end":{"line":18,"column":59}},"8":{"start":{"line":19,"column":8},"end":{"line":24,"column":11}},"9":{"start":{"line":25,"column":8},"end":{"line":25,"column":56}},"10":{"start":{"line":27,"column":8},"end":{"line":27,"column":92}},"11":{"start":{"line":33,"column":4},"end":{"line":38,"column":5}},"12":{"start":{"line":34,"column":8},"end":{"line":35,"column":62}},"13":{"start":{"line":34,"column":22},"end":{"line":34,"column":53}},"14":{"start":{"line":35,"column":13},"end":{"line":35,"column":62}},"15":{"start":{"line":43,"column":20},"end":{"line":43,"column":30}},"16":{"start":{"line":44,"column":4},"end":{"line":45,"column":84}},"17":{"start":{"line":45,"column":8},"end":{"line":45,"column":83}}},"fnMap":{"0":{"name":"initAnalytics","decl":{"start":{"line":10,"column":16},"end":{"line":10,"column":29}},"loc":{"start":{"line":10,"column":32},"end":{"line":29,"column":1}},"line":10},"1":{"name":"track","decl":{"start":{"line":32,"column":16},"end":{"line":32,"column":21}},"loc":{"start":{"line":32,"column":52},"end":{"line":39,"column":1}},"line":32},"2":{"name":"timeSince","decl":{"start":{"line":42,"column":16},"end":{"line":42,"column":25}},"loc":{"start":{"line":42,"column":41},"end":{"line":46,"column":1}},"line":42},"3":{"name":"(anonymous_3)","decl":{"start":{"line":44,"column":11},"end":{"line":44,"column":12}},"loc":{"start":{"line":45,"column":8},"end":{"line":45,"column":83}},"line":45}},"branchMap":{"0":{"loc":{"start":{"line":7,"column":13},"end":{"line":7,"column":79}},"type":"binary-expr","locations":[{"start":{"line":7,"column":13},"end":{"line":7,"column":49}},{"start":{"line":7,"column":53},"end":{"line":7,"column":79}}],"line":7},"1":{"loc":{"start":{"line":11,"column":4},"end":{"line":14,"column":5}},"type":"if","locations":[{"start":{"line":11,"column":4},"end":{"line":14,"column":5}},{"start":{},"end":{}}],"line":11},"2":{"loc":{"start":{"line":34,"column":8},"end":{"line":35,"column":62}},"type":"if","locations":[{"start":{"line":34,"column":8},"end":{"line":35,"column":62}},{"start":{"line":35,"column":13},"end":{"line":35,"column":62}}],"line":34},"3":{"loc":{"start":{"line":35,"column":49},"end":{"line":35,"column":60}},"type":"binary-expr","locations":[{"start":{"line":35,"column":49},"end":{"line":35,"column":54}},{"start":{"line":35,"column":58},"end":{"line":35,"column":60}}],"line":35},"4":{"loc":{"start":{"line":45,"column":68},"end":{"line":45,"column":79}},"type":"binary-expr","locations":[{"start":{"line":45,"column":68},"end":{"line":45,"column":73}},{"start":{"line":45,"column":77},"end":{"line":45,"column":79}}],"line":45}},"s":{"0":0,"1":0,"2":0,"3":0,"4":0,"5":0,"6":0,"7":0,"8":0,"9":0,"10":0,"11":0,"12":0,"13":0,"14":0,"15":0,"16":0,"17":0},"f":{"0":0,"1":0,"2":0,"3":0},"b":{"0":[0,0],"1":[0,0],"2":[0,0],"3":[0,0],"4":[0,0]}}
,"/Users/michael/Desktop/food-ai/services/choices.ts": {"path":"/Users/michael/Desktop/food-ai/services/choices.ts","statementMap":{"0":{"start":{"line":19,"column":4},"end":{"line":19,"column":11}}},"fnMap":{"0":{"name":"saveChosenDishes","decl":{"start":{"line":8,"column":22},"end":{"line":8,"column":38}},"loc":{"start":{"line":8,"column":81},"end":{"line":20,"column":1}},"line":8}},"branchMap":{},"s":{"0":0},"f":{"0":0},"b":{}}
,"/Users/michael/Desktop/food-ai/services/clarifai.ts": {"path":"/Users/michael/Desktop/food-ai/services/clarifai.ts","statementMap":{"0":{"start":{"line":8,"column":4},"end":{"line":8,"column":56}},"1":{"start":{"line":13,"column":4},"end":{"line":13,"column":84}},"2":{"start":{"line":21,"column":20},"end":{"line":24,"column":5}},"3":{"start":{"line":26,"column":21},"end":{"line":33,"column":6}},"4":{"start":{"line":35,"column":17},"end":{"line":35,"column":38}},"5":{"start":{"line":36,"column":4},"end":{"line":38,"column":5}},"6":{"start":{"line":37,"column":8},"end":{"line":37,"column":73}},"7":{"start":{"line":41,"column":20},"end":{"line":41,"column":53}},"8":{"start":{"line":43,"column":8},"end":{"line":44,"column":10}},"9":{"start":{"line":43,"column":33},"end":{"line":43,"column":65}},"10":{"start":{"line":46,"column":4},"end":{"line":48,"column":87}},"11":{"start":{"line":47,"column":26},"end":{"line":47,"column":63}},"12":{"start":{"line":48,"column":58},"end":{"line":48,"column":85}}},"fnMap":{"0":{"name":"detectDishWithClarifai","decl":{"start":{"line":18,"column":22},"end":{"line":18,"column":44}},"loc":{"start":{"line":20,"column":30},"end":{"line":49,"column":1}},"line":20},"1":{"name":"(anonymous_1)","decl":{"start":{"line":43,"column":21},"end":{"line":43,"column":22}},"loc":{"start":{"line":43,"column":33},"end":{"line":43,"column":65}},"line":43},"2":{"name":"(anonymous_2)","decl":{"start":{"line":47,"column":13},"end":{"line":47,"column":14}},"loc":{"start":{"line":47,"column":26},"end":{"line":47,"column":63}},"line":47},"3":{"name":"(anonymous_3)","decl":{"start":{"line":48,"column":14},"end":{"line":48,"column":15}},"loc":{"start":{"line":48,"column":58},"end":{"line":48,"column":85}},"line":48}},"branchMap":{"0":{"loc":{"start":{"line":13,"column":4},"end":{"line":13,"column":84}},"type":"binary-expr","locations":[{"start":{"line":13,"column":5},"end":{"line":13,"column":63}},{"start":{"line":13,"column":68},"end":{"line":13,"column":84}}],"line":13},"1":{"loc":{"start":{"line":36,"column":4},"end":{"line":38,"column":5}},"type":"if","locations":[{"start":{"line":36,"column":4},"end":{"line":38,"column":5}},{"start":{},"end":{}}],"line":36},"2":{"loc":{"start":{"line":37,"column":24},"end":{"line":37,"column":71}},"type":"binary-expr","locations":[{"start":{"line":37,"column":24},"end":{"line":37,"column":48}},{"start":{"line":37,"column":52},"end":{"line":37,"column":71}}],"line":37},"3":{"loc":{"start":{"line":41,"column":20},"end":{"line":41,"column":53}},"type":"binary-expr","locations":[{"start":{"line":41,"column":20},"end":{"line":41,"column":47}},{"start":{"line":41,"column":51},"end":{"line":41,"column":53}}],"line":41},"4":{"loc":{"start":{"line":43,"column":8},"end":{"line":44,"column":10}},"type":"binary-expr","locations":[{"start":{"line":43,"column":8},"end":{"line":43,"column":82}},{"start":{"line":44,"column":8},"end":{"line":44,"column":10}}],"line":43}},"s":{"0":0,"1":0,"2":0,"3":0,"4":0,"5":0,"6":0,"7":0,"8":0,"9":0,"10":0,"11":0,"12":0},"f":{"0":0,"1":0,"2":0,"3":0},"b":{"0":[0,0],"1":[0,0],"2":[0,0],"3":[0,0],"4":[0,0]}}
,"/Users/michael/Desktop/food-ai/services/nutrition.ts": {"path":"/Users/michael/Desktop/food-ai/services/nutrition.ts","statementMap":{"0":{"start":{"line":18,"column":17},"end":{"line":18,"column":50}},"1":{"start":{"line":20,"column":4},"end":{"line":20,"column":86}},"2":{"start":{"line":21,"column":0},"end":{"line":21,"column":42}},"3":{"start":{"line":28,"column":4},"end":{"line":30,"column":5}},"4":{"start":{"line":29,"column":8},"end":{"line":29,"column":90}},"5":{"start":{"line":33,"column":8},"end":{"line":34,"column":55}},"6":{"start":{"line":36,"column":16},"end":{"line":36,"column":32}},"7":{"start":{"line":37,"column":17},"end":{"line":37,"column":33}},"8":{"start":{"line":38,"column":4},"end":{"line":38,"column":73}},"9":{"start":{"line":38,"column":17},"end":{"line":38,"column":73}},"10":{"start":{"line":40,"column":17},"end":{"line":40,"column":33}},"11":{"start":{"line":41,"column":4},"end":{"line":41,"column":27}},"12":{"start":{"line":41,"column":15},"end":{"line":41,"column":27}},"13":{"start":{"line":43,"column":29},"end":{"line":43,"column":53}},"14":{"start":{"line":45,"column":20},"end":{"line":46,"column":40}},"15":{"start":{"line":46,"column":8},"end":{"line":46,"column":40}},"16":{"start":{"line":48,"column":19},"end":{"line":50,"column":53}},"17":{"start":{"line":48,"column":39},"end":{"line":50,"column":53}},"18":{"start":{"line":49,"column":8},"end":{"line":50,"column":53}},"19":{"start":{"line":54,"column":8},"end":{"line":54,"column":76}},"20":{"start":{"line":56,"column":8},"end":{"line":56,"column":84}},"21":{"start":{"line":58,"column":43},"end":{"line":58,"column":52}},"22":{"start":{"line":60,"column":4},"end":{"line":62,"column":5}},"23":{"start":{"line":61,"column":8},"end":{"line":61,"column":38}},"24":{"start":{"line":64,"column":34},"end":{"line":77,"column":5}},"25":{"start":{"line":79,"column":4},"end":{"line":79,"column":17}},"26":{"start":{"line":92,"column":4},"end":{"line":94,"column":5}},"27":{"start":{"line":93,"column":8},"end":{"line":93,"column":90}},"28":{"start":{"line":96,"column":14},"end":{"line":96,"column":26}},"29":{"start":{"line":97,"column":4},"end":{"line":97,"column":32}},"30":{"start":{"line":97,"column":22},"end":{"line":97,"column":32}},"31":{"start":{"line":100,"column":8},"end":{"line":101,"column":62}},"32":{"start":{"line":103,"column":16},"end":{"line":103,"column":32}},"33":{"start":{"line":104,"column":17},"end":{"line":104,"column":33}},"34":{"start":{"line":105,"column":4},"end":{"line":105,"column":73}},"35":{"start":{"line":105,"column":17},"end":{"line":105,"column":73}},"36":{"start":{"line":107,"column":35},"end":{"line":107,"column":78}},"37":{"start":{"line":108,"column":18},"end":{"line":108,"column":63}},"38":{"start":{"line":108,"column":33},"end":{"line":108,"column":46}},"39":{"start":{"line":109,"column":4},"end":{"line":109,"column":38}},"40":{"start":{"line":117,"column":14},"end":{"line":117,"column":24}},"41":{"start":{"line":118,"column":14},"end":{"line":118,"column":69}},"42":{"start":{"line":119,"column":18},"end":{"line":119,"column":25}},"43":{"start":{"line":121,"column":19},"end":{"line":122,"column":63}},"44":{"start":{"line":122,"column":8},"end":{"line":122,"column":63}},"45":{"start":{"line":123,"column":22},"end":{"line":124,"column":53}},"46":{"start":{"line":124,"column":8},"end":{"line":124,"column":53}},"47":{"start":{"line":126,"column":4},"end":{"line":140,"column":6}},"48":{"start":{"line":149,"column":8},"end":{"line":151,"column":17}},"49":{"start":{"line":152,"column":23},"end":{"line":152,"column":102}},"50":{"start":{"line":153,"column":4},"end":{"line":153,"column":40}}},"fnMap":{"0":{"name":"fetchNutritionForName","decl":{"start":{"line":27,"column":22},"end":{"line":27,"column":43}},"loc":{"start":{"line":27,"column":90},"end":{"line":80,"column":1}},"line":27},"1":{"name":"(anonymous_1)","decl":{"start":{"line":45,"column":20},"end":{"line":45,"column":21}},"loc":{"start":{"line":46,"column":8},"end":{"line":46,"column":40}},"line":46},"2":{"name":"(anonymous_2)","decl":{"start":{"line":48,"column":19},"end":{"line":48,"column":20}},"loc":{"start":{"line":48,"column":39},"end":{"line":50,"column":53}},"line":48},"3":{"name":"(anonymous_3)","decl":{"start":{"line":48,"column":39},"end":{"line":48,"column":40}},"loc":{"start":{"line":49,"column":8},"end":{"line":50,"column":53}},"line":49},"4":{"name":"searchFoods","decl":{"start":{"line":91,"column":22},"end":{"line":91,"column":33}},"loc":{"start":{"line":91,"column":83},"end":{"line":110,"column":1}},"line":91},"5":{"name":"(anonymous_5)","decl":{"start":{"line":108,"column":28},"end":{"line":108,"column":29}},"loc":{"start":{"line":108,"column":33},"end":{"line":108,"column":46}},"line":108},"6":{"name":"scaleFacts","decl":{"start":{"line":113,"column":16},"end":{"line":113,"column":26}},"loc":{"start":{"line":116,"column":18},"end":{"line":141,"column":1}},"line":116},"7":{"name":"(anonymous_7)","decl":{"start":{"line":121,"column":19},"end":{"line":121,"column":20}},"loc":{"start":{"line":122,"column":8},"end":{"line":122,"column":63}},"line":122},"8":{"name":"(anonymous_8)","decl":{"start":{"line":123,"column":22},"end":{"line":123,"column":23}},"loc":{"start":{"line":124,"column":8},"end":{"line":124,"column":53}},"line":124},"9":{"name":"scaleByServings","decl":{"start":{"line":144,"column":16},"end":{"line":144,"column":31}},"loc":{"start":{"line":147,"column":18},"end":{"line":154,"column":1}},"line":147}},"branchMap":{"0":{"loc":{"start":{"line":20,"column":4},"end":{"line":20,"column":86}},"type":"binary-expr","locations":[{"start":{"line":20,"column":5},"end":{"line":20,"column":62}},{"start":{"line":20,"column":67},"end":{"line":20,"column":86}}],"line":20},"1":{"loc":{"start":{"line":28,"column":4},"end":{"line":30,"column":5}},"type":"if","locations":[{"start":{"line":28,"column":4},"end":{"line":30,"column":5}},{"start":{},"end":{}}],"line":28},"2":{"loc":{"start":{"line":28,"column":8},"end":{"line":28,"column":51}},"type":"binary-expr","locations":[{"start":{"line":28,"column":8},"end":{"line":28,"column":16}},{"start":{"line":28,"column":20},"end":{"line":28,"column":51}}],"line":28},"3":{"loc":{"start":{"line":38,"column":4},"end":{"line":38,"column":73}},"type":"if","locations":[{"start":{"line":38,"column":4},"end":{"line":38,"column":73}},{"start":{},"end":{}}],"line":38},"4":{"loc":{"start":{"line":38,"column":33},"end":{"line":38,"column":71}},"type":"binary-expr","locations":[{"start":{"line":38,"column":33},"end":{"line":38,"column":53}},{"start":{"line":38,"column":57},"end":{"line":38,"column":71}}],"line":38},"5":{"loc":{"start":{"line":41,"column":4},"end":{"line":41,"column":27}},"type":"if","locations":[{"start":{"line":41,"column":4},"end":{"line":41,"column":27}},{"start":{},"end":{}}],"line":41},"6":{"loc":{"start":{"line":43,"column":29},"end":{"line":43,"column":53}},"type":"binary-expr","locations":[{"start":{"line":43,"column":29},"end":{"line":43,"column":47}},{"start":{"line":43,"column":51},"end":{"line":43,"column":53}}],"line":43},"7":{"loc":{"start":{"line":49,"column":8},"end":{"line":50,"column":53}},"type":"binary-expr","locations":[{"start":{"line":49,"column":8},"end":{"line":49,"column":42}},{"start":{"line":50,"column":8},"end":{"line":50,"column":53}}],"line":49},"8":{"loc":{"start":{"line":54,"column":8},"end":{"line":54,"column":76}},"type":"cond-expr","locations":[{"start":{"line":54,"column":48},"end":{"line":54,"column":64}},{"start":{"line":54,"column":67},"end":{"line":54,"column":76}}],"line":54},"9":{"loc":{"start":{"line":56,"column":8},"end":{"line":56,"column":84}},"type":"cond-expr","locations":[{"start":{"line":56,"column":52},"end":{"line":56,"column":72}},{"start":{"line":56,"column":75},"end":{"line":56,"column":84}}],"line":56},"10":{"loc":{"start":{"line":60,"column":4},"end":{"line":62,"column":5}},"type":"if","locations":[{"start":{"line":60,"column":4},"end":{"line":62,"column":5}},{"start":{},"end":{}}],"line":60},"11":{"loc":{"start":{"line":60,"column":8},"end":{"line":60,"column":78}},"type":"binary-expr","locations":[{"start":{"line":60,"column":8},"end":{"line":60,"column":22}},{"start":{"line":60,"column":26},"end":{"line":60,"column":40}},{"start":{"line":60,"column":44},"end":{"line":60,"column":78}}],"line":60},"12":{"loc":{"start":{"line":65,"column":18},"end":{"line":65,"column":74}},"type":"binary-expr","locations":[{"start":{"line":65,"column":18},"end":{"line":65,"column":43}},{"start":{"line":65,"column":47},"end":{"line":65,"column":74}}],"line":65},"13":{"loc":{"start":{"line":67,"column":18},"end":{"line":67,"column":74}},"type":"binary-expr","locations":[{"start":{"line":67,"column":18},"end":{"line":67,"column":48}},{"start":{"line":67,"column":52},"end":{"line":67,"column":74}}],"line":67},"14":{"loc":{"start":{"line":91,"column":49},"end":{"line":91,"column":62}},"type":"default-arg","locations":[{"start":{"line":91,"column":60},"end":{"line":91,"column":62}}],"line":91},"15":{"loc":{"start":{"line":92,"column":4},"end":{"line":94,"column":5}},"type":"if","locations":[{"start":{"line":92,"column":4},"end":{"line":94,"column":5}},{"start":{},"end":{}}],"line":92},"16":{"loc":{"start":{"line":92,"column":8},"end":{"line":92,"column":51}},"type":"binary-expr","locations":[{"start":{"line":92,"column":8},"end":{"line":92,"column":16}},{"start":{"line":92,"column":20},"end":{"line":92,"column":51}}],"line":92},"17":{"loc":{"start":{"line":97,"column":4},"end":{"line":97,"column":32}},"type":"if","locations":[{"start":{"line":97,"column":4},"end":{"line":97,"column":32}},{"start":{},"end":{}}],"line":97},"18":{"loc":{"start":{"line":105,"column":4},"end":{"line":105,"column":73}},"type":"if","locations":[{"start":{"line":105,"column":4},"end":{"line":105,"column":73}},{"start":{},"end":{}}],"line":105},"19":{"loc":{"start":{"line":105,"column":33},"end":{"line":105,"column":71}},"type":"binary-expr","locations":[{"start":{"line":105,"column":33},"end":{"line":105,"column":53}},{"start":{"line":105,"column":57},"end":{"line":105,"column":71}}],"line":105},"20":{"loc":{"start":{"line":107,"column":35},"end":{"line":107,"column":78}},"type":"cond-expr","locations":[{"start":{"line":107,"column":63},"end":{"line":107,"column":73}},{"start":{"line":107,"column":76},"end":{"line":107,"column":78}}],"line":107},"21":{"loc":{"start":{"line":117,"column":14},"end":{"line":117,"column":24}},"type":"binary-expr","locations":[{"start":{"line":117,"column":14},"end":{"line":117,"column":18}},{"start":{"line":117,"column":22},"end":{"line":117,"column":24}}],"line":117},"22":{"loc":{"start":{"line":118,"column":26},"end":{"line":118,"column":68}},"type":"cond-expr","locations":[{"start":{"line":118,"column":51},"end":{"line":118,"column":64}},{"start":{"line":118,"column":67},"end":{"line":118,"column":68}}],"line":118},"23":{"loc":{"start":{"line":122,"column":8},"end":{"line":122,"column":63}},"type":"cond-expr","locations":[{"start":{"line":122,"column":20},"end":{"line":122,"column":29}},{"start":{"line":122,"column":32},"end":{"line":122,"column":63}}],"line":122},"24":{"loc":{"start":{"line":124,"column":8},"end":{"line":124,"column":53}},"type":"cond-expr","locations":[{"start":{"line":124,"column":20},"end":{"line":124,"column":29}},{"start":{"line":124,"column":32},"end":{"line":124,"column":53}}],"line":124},"25":{"loc":{"start":{"line":133,"column":18},"end":{"line":133,"column":77}},"type":"cond-expr","locations":[{"start":{"line":133,"column":37},"end":{"line":133,"column":46}},{"start":{"line":133,"column":49},"end":{"line":133,"column":77}}],"line":133},"26":{"loc":{"start":{"line":149,"column":8},"end":{"line":151,"column":17}},"type":"cond-expr","locations":[{"start":{"line":150,"column":14},"end":{"line":150,"column":31}},{"start":{"line":151,"column":14},"end":{"line":151,"column":17}}],"line":149},"27":{"loc":{"start":{"line":149,"column":9},"end":{"line":149,"column":79}},"type":"binary-expr","locations":[{"start":{"line":149,"column":9},"end":{"line":149,"column":13}},{"start":{"line":149,"column":17},"end":{"line":149,"column":54}},{"start":{"line":149,"column":58},"end":{"line":149,"column":79}}],"line":149},"28":{"loc":{"start":{"line":152,"column":35},"end":{"line":152,"column":83}},"type":"cond-expr","locations":[{"start":{"line":152,"column":63},"end":{"line":152,"column":79}},{"start":{"line":152,"column":82},"end":{"line":152,"column":83}}],"line":152}},"s":{"0":8,"1":8,"2":8,"3":0,"4":0,"5":0,"6":0,"7":0,"8":0,"9":0,"10":0,"11":0,"12":0,"13":0,"14":0,"15":0,"16":0,"17":0,"18":0,"19":0,"20":0,"21":0,"22":0,"23":0,"24":0,"25":0,"26":0,"27":0,"28":0,"29":0,"30":0,"31":0,"32":0,"33":0,"34":0,"35":0,"36":0,"37":0,"38":0,"39":0,"40":18,"41":18,"42":18,"43":18,"44":90,"45":18,"46":18,"47":18,"48":0,"49":0,"50":0},"f":{"0":0,"1":0,"2":0,"3":0,"4":0,"5":0,"6":18,"7":90,"8":18,"9":0},"b":{"0":[8,8],"1":[0,0],"2":[0,0],"3":[0,0],"4":[0,0],"5":[0,0],"6":[0,0],"7":[0,0],"8":[0,0],"9":[0,0],"10":[0,0],"11":[0,0,0],"12":[0,0],"13":[0,0],"14":[0],"15":[0,0],"16":[0,0],"17":[0,0],"18":[0,0],"19":[0,0],"20":[0,0],"21":[18,0],"22":[18,0],"23":[24,66],"24":[0,18],"25":[12,6],"26":[0,0],"27":[0,0,0],"28":[0,0]},"_coverageSchema":"1a1c01bbd47fc00a2c39e90264f33305004495a9","hash":"7c262941fd71867a16bb5ec546a43e86e67e50ff"}
,"/Users/michael/Desktop/food-ai/services/session.ts": {"path":"/Users/michael/Desktop/food-ai/services/session.ts","statementMap":{"0":{"start":{"line":5,"column":37},"end":{"line":5,"column":39}},"1":{"start":{"line":6,"column":31},"end":{"line":6,"column":33}},"2":{"start":{"line":7,"column":56},"end":{"line":7,"column":58}},"3":{"start":{"line":8,"column":21},"end":{"line":8,"column":22}},"4":{"start":{"line":12,"column":4},"end":{"line":12,"column":20}},"5":{"start":{"line":13,"column":4},"end":{"line":13,"column":24}},"6":{"start":{"line":14,"column":4},"end":{"line":14,"column":20}},"7":{"start":{"line":15,"column":4},"end":{"line":15,"column":23}},"8":{"start":{"line":19,"column":4},"end":{"line":19,"column":23}},"9":{"start":{"line":23,"column":4},"end":{"line":23,"column":27}},"10":{"start":{"line":26,"column":4},"end":{"line":26,"column":26}},"11":{"start":{"line":31,"column":4},"end":{"line":31,"column":21}},"12":{"start":{"line":34,"column":4},"end":{"line":34,"column":22}},"13":{"start":{"line":39,"column":4},"end":{"line":39,"column":26}},"14":{"start":{"line":42,"column":14},"end":{"line":42,"column":28}},"15":{"start":{"line":43,"column":4},"end":{"line":43,"column":23}},"16":{"start":{"line":44,"column":4},"end":{"line":44,"column":13}},"17":{"start":{"line":48,"column":20},"end":{"line":48,"column":21}},"18":{"start":{"line":50,"column":2},"end":{"line":50,"column":29}},"19":{"start":{"line":53,"column":2},"end":{"line":53,"column":31}},"20":{"start":{"line":53,"column":22},"end":{"line":53,"column":31}},"21":{"start":{"line":54,"column":13},"end":{"line":54,"column":39}},"22":{"start":{"line":55,"column":2},"end":{"line":55,"column":20}},"23":{"start":{"line":56,"column":2},"end":{"line":56,"column":12}},"24":{"start":{"line":61,"column":4},"end":{"line":61,"column":21}},"25":{"start":{"line":62,"column":4},"end":{"line":62,"column":24}},"26":{"start":{"line":63,"column":4},"end":{"line":63,"column":20}},"27":{"start":{"line":64,"column":4},"end":{"line":64,"column":23}}},"fnMap":{"0":{"name":"setDetections","decl":{"start":{"line":11,"column":16},"end":{"line":11,"column":29}},"loc":{"start":{"line":11,"column":52},"end":{"line":16,"column":1}},"line":11},"1":{"name":"getDetections","decl":{"start":{"line":18,"column":16},"end":{"line":18,"column":29}},"loc":{"start":{"line":18,"column":51},"end":{"line":20,"column":1}},"line":18},"2":{"name":"setSelectedNames","decl":{"start":{"line":22,"column":16},"end":{"line":22,"column":32}},"loc":{"start":{"line":22,"column":50},"end":{"line":24,"column":1}},"line":22},"3":{"name":"getSelectedNames","decl":{"start":{"line":25,"column":16},"end":{"line":25,"column":32}},"loc":{"start":{"line":25,"column":45},"end":{"line":27,"column":1}},"line":25},"4":{"name":"setNutrition","decl":{"start":{"line":30,"column":16},"end":{"line":30,"column":28}},"loc":{"start":{"line":30,"column":73},"end":{"line":32,"column":1}},"line":30},"5":{"name":"getNutrition","decl":{"start":{"line":33,"column":16},"end":{"line":33,"column":28}},"loc":{"start":{"line":33,"column":70},"end":{"line":35,"column":1}},"line":33},"6":{"name":"setCaloriesDelta","decl":{"start":{"line":38,"column":16},"end":{"line":38,"column":32}},"loc":{"start":{"line":38,"column":47},"end":{"line":40,"column":1}},"line":38},"7":{"name":"consumeCaloriesDelta","decl":{"start":{"line":41,"column":16},"end":{"line":41,"column":36}},"loc":{"start":{"line":41,"column":47},"end":{"line":45,"column":1}},"line":41},"8":{"name":"markConfirmStart","decl":{"start":{"line":49,"column":16},"end":{"line":49,"column":32}},"loc":{"start":{"line":49,"column":35},"end":{"line":51,"column":1}},"line":49},"9":{"name":"consumeConfirmDuration","decl":{"start":{"line":52,"column":16},"end":{"line":52,"column":38}},"loc":{"start":{"line":52,"column":49},"end":{"line":57,"column":1}},"line":52},"10":{"name":"clearSession","decl":{"start":{"line":60,"column":16},"end":{"line":60,"column":28}},"loc":{"start":{"line":60,"column":31},"end":{"line":65,"column":1}},"line":60}},"branchMap":{"0":{"loc":{"start":{"line":53,"column":2},"end":{"line":53,"column":31}},"type":"if","locations":[{"start":{"line":53,"column":2},"end":{"line":53,"column":31}},{"start":{},"end":{}}],"line":53}},"s":{"0":0,"1":0,"2":0,"3":0,"4":0,"5":0,"6":0,"7":0,"8":0,"9":0,"10":0,"11":0,"12":0,"13":0,"14":0,"15":0,"16":0,"17":0,"18":0,"19":0,"20":0,"21":0,"22":0,"23":0,"24":0,"25":0,"26":0,"27":0},"f":{"0":0,"1":0,"2":0,"3":0,"4":0,"5":0,"6":0,"7":0,"8":0,"9":0,"10":0},"b":{"0":[0,0]}}
,"/Users/michael/Desktop/food-ai/services/storage.ts": {"path":"/Users/michael/Desktop/food-ai/services/storage.ts","statementMap":{"0":{"start":{"line":22,"column":12},"end":{"line":22,"column":31}},"1":{"start":{"line":25,"column":16},"end":{"line":25,"column":47}},"2":{"start":{"line":26,"column":4},"end":{"line":26,"column":38}},"3":{"start":{"line":30,"column":17},"end":{"line":30,"column":35}},"4":{"start":{"line":31,"column":4},"end":{"line":31,"column":20}},"5":{"start":{"line":32,"column":4},"end":{"line":32,"column":58}},"6":{"start":{"line":36,"column":17},"end":{"line":36,"column":35}},"7":{"start":{"line":37,"column":4},"end":{"line":39,"column":57}},"8":{"start":{"line":38,"column":21},"end":{"line":38,"column":40}},"9":{"start":{"line":39,"column":28},"end":{"line":39,"column":52}},"10":{"start":{"line":43,"column":2},"end":{"line":43,"column":37}}},"fnMap":{"0":{"name":"getEntries","decl":{"start":{"line":24,"column":22},"end":{"line":24,"column":32}},"loc":{"start":{"line":24,"column":53},"end":{"line":27,"column":1}},"line":24},"1":{"name":"addEntry","decl":{"start":{"line":29,"column":22},"end":{"line":29,"column":30}},"loc":{"start":{"line":29,"column":41},"end":{"line":33,"column":1}},"line":29},"2":{"name":"getTodayTotal","decl":{"start":{"line":35,"column":22},"end":{"line":35,"column":35}},"loc":{"start":{"line":35,"column":71},"end":{"line":40,"column":1}},"line":35},"3":{"name":"(anonymous_3)","decl":{"start":{"line":38,"column":16},"end":{"line":38,"column":17}},"loc":{"start":{"line":38,"column":21},"end":{"line":38,"column":40}},"line":38},"4":{"name":"(anonymous_4)","decl":{"start":{"line":39,"column":16},"end":{"line":39,"column":17}},"loc":{"start":{"line":39,"column":28},"end":{"line":39,"column":52}},"line":39},"5":{"name":"clearAllEntries","decl":{"start":{"line":42,"column":22},"end":{"line":42,"column":37}},"loc":{"start":{"line":42,"column":55},"end":{"line":44,"column":1}},"line":42}},"branchMap":{"0":{"loc":{"start":{"line":26,"column":11},"end":{"line":26,"column":37}},"type":"cond-expr","locations":[{"start":{"line":26,"column":17},"end":{"line":26,"column":32}},{"start":{"line":26,"column":35},"end":{"line":26,"column":37}}],"line":26},"1":{"loc":{"start":{"line":39,"column":35},"end":{"line":39,"column":51}},"type":"binary-expr","locations":[{"start":{"line":39,"column":35},"end":{"line":39,"column":46}},{"start":{"line":39,"column":50},"end":{"line":39,"column":51}}],"line":39}},"s":{"0":4,"1":0,"2":0,"3":0,"4":0,"5":0,"6":0,"7":0,"8":0,"9":0,"10":0},"f":{"0":0,"1":0,"2":0,"3":0,"4":0,"5":0},"b":{"0":[0,0],"1":[0,0]},"_coverageSchema":"1a1c01bbd47fc00a2c39e90264f33305004495a9","hash":"51b64abc3774baa74e2c62bddcbe8936af7646b7"}
}
