TN:
SF:app/services/analytics.ts
FN:10,initAnalytics
FN:32,track
FN:42,timeSince
FN:44,(anonymous_3)
FNF:4
FNH:0
FNDA:0,initAnalytics
FNDA:0,track
FNDA:0,timeSince
FNDA:0,(anonymous_3)
DA:4,0
DA:6,0
DA:7,0
DA:11,0
DA:12,0
DA:13,0
DA:15,0
DA:18,0
DA:19,0
DA:25,0
DA:27,0
DA:33,0
DA:34,0
DA:35,0
DA:43,0
DA:44,0
DA:45,0
LF:17
LH:0
BRDA:7,0,0,0
BRDA:7,0,1,0
BRDA:11,1,0,0
BRDA:11,1,1,0
BRDA:34,2,0,0
BRDA:34,2,1,0
BRDA:35,3,0,0
BRDA:35,3,1,0
BRDA:45,4,0,0
BRDA:45,4,1,0
BRF:10
BRH:0
end_of_record
TN:
SF:services/choices.ts
FN:8,saveChosenDishes
FNF:1
FNH:0
FNDA:0,saveChosenDishes
DA:19,0
LF:1
LH:0
BRF:0
BRH:0
end_of_record
TN:
SF:services/clarifai.ts
FN:18,detectDishWithClarifai
FN:43,(anonymous_1)
FN:47,(anonymous_2)
FN:48,(anonymous_3)
FNF:4
FNH:0
FNDA:0,detectDishWithClarifai
FNDA:0,(anonymous_1)
FNDA:0,(anonymous_2)
FNDA:0,(anonymous_3)
DA:8,0
DA:13,0
DA:21,0
DA:26,0
DA:35,0
DA:36,0
DA:37,0
DA:41,0
DA:43,0
DA:46,0
DA:47,0
DA:48,0
LF:12
LH:0
BRDA:13,0,0,0
BRDA:13,0,1,0
BRDA:36,1,0,0
BRDA:36,1,1,0
BRDA:37,2,0,0
BRDA:37,2,1,0
BRDA:41,3,0,0
BRDA:41,3,1,0
BRDA:43,4,0,0
BRDA:43,4,1,0
BRF:10
BRH:0
end_of_record
TN:
SF:services/nutrition.ts
FN:27,fetchNutritionForName
FN:45,(anonymous_1)
FN:48,(anonymous_2)
FN:48,(anonymous_3)
FN:91,searchFoods
FN:108,(anonymous_5)
FN:113,scaleFacts
FN:121,(anonymous_7)
FN:123,(anonymous_8)
FN:144,scaleByServings
FNF:10
FNH:3
FNDA:0,fetchNutritionForName
FNDA:0,(anonymous_1)
FNDA:0,(anonymous_2)
FNDA:0,(anonymous_3)
FNDA:0,searchFoods
FNDA:0,(anonymous_5)
FNDA:18,scaleFacts
FNDA:90,(anonymous_7)
FNDA:18,(anonymous_8)
FNDA:0,scaleByServings
DA:18,8
DA:20,8
DA:21,8
DA:28,0
DA:29,0
DA:33,0
DA:36,0
DA:37,0
DA:38,0
DA:40,0
DA:41,0
DA:43,0
DA:45,0
DA:46,0
DA:48,0
DA:49,0
DA:54,0
DA:56,0
DA:58,0
DA:60,0
DA:61,0
DA:64,0
DA:79,0
DA:92,0
DA:93,0
DA:96,0
DA:97,0
DA:100,0
DA:103,0
DA:104,0
DA:105,0
DA:107,0
DA:108,0
DA:109,0
DA:117,18
DA:118,18
DA:119,18
DA:121,18
DA:122,90
DA:123,18
DA:124,18
DA:126,18
DA:149,0
DA:152,0
DA:153,0
LF:45
LH:11
BRDA:20,0,0,8
BRDA:20,0,1,8
BRDA:28,1,0,0
BRDA:28,1,1,0
BRDA:28,2,0,0
BRDA:28,2,1,0
BRDA:38,3,0,0
BRDA:38,3,1,0
BRDA:38,4,0,0
BRDA:38,4,1,0
BRDA:41,5,0,0
BRDA:41,5,1,0
BRDA:43,6,0,0
BRDA:43,6,1,0
BRDA:49,7,0,0
BRDA:49,7,1,0
BRDA:54,8,0,0
BRDA:54,8,1,0
BRDA:56,9,0,0
BRDA:56,9,1,0
BRDA:60,10,0,0
BRDA:60,10,1,0
BRDA:60,11,0,0
BRDA:60,11,1,0
BRDA:60,11,2,0
BRDA:65,12,0,0
BRDA:65,12,1,0
BRDA:67,13,0,0
BRDA:67,13,1,0
BRDA:91,14,0,0
BRDA:92,15,0,0
BRDA:92,15,1,0
BRDA:92,16,0,0
BRDA:92,16,1,0
BRDA:97,17,0,0
BRDA:97,17,1,0
BRDA:105,18,0,0
BRDA:105,18,1,0
BRDA:105,19,0,0
BRDA:105,19,1,0
BRDA:107,20,0,0
BRDA:107,20,1,0
BRDA:117,21,0,18
BRDA:117,21,1,0
BRDA:118,22,0,18
BRDA:118,22,1,0
BRDA:122,23,0,24
BRDA:122,23,1,66
BRDA:124,24,0,0
BRDA:124,24,1,18
BRDA:133,25,0,12
BRDA:133,25,1,6
BRDA:149,26,0,0
BRDA:149,26,1,0
BRDA:149,27,0,0
BRDA:149,27,1,0
BRDA:149,27,2,0
BRDA:152,28,0,0
BRDA:152,28,1,0
BRF:59
BRH:9
end_of_record
TN:
SF:services/session.ts
FN:11,setDetections
FN:18,getDetections
FN:22,setSelectedNames
FN:25,getSelectedNames
FN:30,setNutrition
FN:33,getNutrition
FN:38,setCaloriesDelta
FN:41,consumeCaloriesDelta
FN:49,markConfirmStart
FN:52,consumeConfirmDuration
FN:60,clearSession
FNF:11
FNH:0
FNDA:0,setDetections
FNDA:0,getDetections
FNDA:0,setSelectedNames
FNDA:0,getSelectedNames
FNDA:0,setNutrition
FNDA:0,getNutrition
FNDA:0,setCaloriesDelta
FNDA:0,consumeCaloriesDelta
FNDA:0,markConfirmStart
FNDA:0,consumeConfirmDuration
FNDA:0,clearSession
DA:5,0
DA:6,0
DA:7,0
DA:8,0
DA:12,0
DA:13,0
DA:14,0
DA:15,0
DA:19,0
DA:23,0
DA:26,0
DA:31,0
DA:34,0
DA:39,0
DA:42,0
DA:43,0
DA:44,0
DA:48,0
DA:50,0
DA:53,0
DA:54,0
DA:55,0
DA:56,0
DA:61,0
DA:62,0
DA:63,0
DA:64,0
LF:27
LH:0
BRDA:53,0,0,0
BRDA:53,0,1,0
BRF:2
BRH:0
end_of_record
TN:
SF:services/storage.ts
FN:24,getEntries
FN:29,addEntry
FN:35,getTodayTotal
FN:38,(anonymous_3)
FN:39,(anonymous_4)
FN:42,clearAllEntries
FNF:6
FNH:0
FNDA:0,getEntries
FNDA:0,addEntry
FNDA:0,getTodayTotal
FNDA:0,(anonymous_3)
FNDA:0,(anonymous_4)
FNDA:0,clearAllEntries
DA:22,4
DA:25,0
DA:26,0
DA:30,0
DA:31,0
DA:32,0
DA:36,0
DA:37,0
DA:38,0
DA:39,0
DA:43,0
LF:11
LH:1
BRDA:26,0,0,0
BRDA:26,0,1,0
BRDA:39,1,0,0
BRDA:39,1,1,0
BRF:4
BRH:0
end_of_record
